<?xml version="1.0" encoding="UTF-8"?>
<!-- Generated by org.testng.reporters.JUnitXMLReporter -->
<testsuite hostname="DESKTOP-1F69PF7" ignored="0" name="Test" tests="2" failures="2" timestamp="10 Jul 2020 14:32:53 GMT" time="11.423" errors="0">
  <testcase name="addUser" time="2.307" classname="Practice.Data_Driven.addUser">
    <failure type="java.lang.AssertionError" message="expected [User1] but found [[[ChromeDriver: chrome on WINDOWS (e7a0f4739104ea7c1e8da2478ab34f97)] -&amp;gt; xpath: /html/body/table]]">
      <![CDATA[java.lang.AssertionError: expected [User1] but found [[[ChromeDriver: chrome on WINDOWS (e7a0f4739104ea7c1e8da2478ab34f97)] -> xpath: /html/body/table]]
	at Practice.Data_Driven.addUser.addUser(addUser.java:95)
... Removed 30 stack frames]]>
    </failure>
  </testcase> <!-- addUser -->
  <testcase name="addUser" time="1.61" classname="Practice.Data_Driven.addUser">
    <failure type="java.lang.AssertionError" message="expected [User2] but found [[[ChromeDriver: chrome on WINDOWS (e7a0f4739104ea7c1e8da2478ab34f97)] -&amp;gt; xpath: /html/body/table]]">
      <![CDATA[java.lang.AssertionError: expected [User2] but found [[[ChromeDriver: chrome on WINDOWS (e7a0f4739104ea7c1e8da2478ab34f97)] -> xpath: /html/body/table]]
	at Practice.Data_Driven.addUser.addUser(addUser.java:95)
... Removed 30 stack frames]]>
    </failure>
  </testcase> <!-- addUser -->
</testsuite> <!-- Test -->
