<?xml version="1.0" encoding="UTF-8"?>
<!-- Generated by org.testng.reporters.JUnitXMLReporter -->
<testsuite hostname="DESKTOP-1F69PF7" ignored="0" name="Test" tests="2" failures="2" timestamp="16 Jul 2020 20:54:43 GMT" time="16.118" errors="0">
  <testcase name="addUser" time="4.337" classname="Practice.Data_Driven.addUser">
    <failure type="java.lang.AssertionError" message="The following asserts failed:
	expected [FName1 LName1 User1 Admin Admin@mail.com 082555 Edit] but found [Tom Blue matt Company BBB Customer matt@comp.com 111222333 Edit]">
      <![CDATA[java.lang.AssertionError: The following asserts failed:
	expected [FName1 LName1 User1 Admin Admin@mail.com 082555 Edit] but found [Tom Blue matt Company BBB Customer matt@comp.com 111222333 Edit]
	at Practice.Data_Driven.addUser.addUser(addUser.java:118)
... Removed 26 stack frames]]>
    </failure>
  </testcase> <!-- addUser -->
  <testcase name="addUser" time="3.323" classname="Practice.Data_Driven.addUser">
    <failure type="java.lang.AssertionError" message="The following asserts failed:
	expected [FName1 LName1 User1 Admin Admin@mail.com 082555 Edit] but found [Tom Blue matt Company BBB Customer matt@comp.com 111222333 Edit],
	expected [FName2 LName2 User2 Customer cusomter@mail.com 082444 Edit] but found [Tom Blue matt Company BBB Customer matt@comp.com 111222333 Edit]">
      <![CDATA[java.lang.AssertionError: The following asserts failed:
	expected [FName1 LName1 User1 Admin Admin@mail.com 082555 Edit] but found [Tom Blue matt Company BBB Customer matt@comp.com 111222333 Edit],
	expected [FName2 LName2 User2 Customer cusomter@mail.com 082444 Edit] but found [Tom Blue matt Company BBB Customer matt@comp.com 111222333 Edit]
	at Practice.Data_Driven.addUser.addUser(addUser.java:118)
... Removed 26 stack frames]]>
    </failure>
  </testcase> <!-- addUser -->
</testsuite> <!-- Test -->
